2022-10-30 21:57:36,777 INFO o.h.v.i.u.Version [background-preinit] HV000001: Hibernate Validator 6.2.3.Final
2022-10-30 21:57:36,902 INFO o.s.b.StartupInfoLogger [restartedMain] Starting BackpackTouristApplication using Java 17.0.3 on acer with PID 9380 (E:\IT\Java\Rab\backpack_tourist\target\classes started by Serezhkin in E:\IT\Java\Rab\backpack_tourist)
2022-10-30 21:57:36,913 INFO o.s.b.SpringApplication [restartedMain] No active profile set, falling back to 1 default profile: "default"
2022-10-30 21:57:37,085 INFO o.s.b.l.DeferredLog [restartedMain] Devtools property defaults active! Set 'spring.devtools.add-properties' to 'false' to disable
2022-10-30 21:57:37,086 INFO o.s.b.l.DeferredLog [restartedMain] For additional web related logging consider setting the 'logging.level.web' property to 'DEBUG'
2022-10-30 21:57:39,181 INFO o.s.d.r.c.RepositoryConfigurationDelegate [restartedMain] Bootstrapping Spring Data JPA repositories in DEFAULT mode.
2022-10-30 21:57:39,369 INFO o.s.d.r.c.RepositoryConfigurationDelegate [restartedMain] Finished Spring Data repository scanning in 161 ms. Found 3 JPA repository interfaces.
2022-10-30 21:57:41,239 INFO o.s.b.w.e.t.TomcatWebServer [restartedMain] Tomcat initialized with port(s): 8080 (http)
2022-10-30 21:57:41,293 INFO o.a.j.l.DirectJDKLog [restartedMain] Initializing ProtocolHandler ["http-nio-8080"]
2022-10-30 21:57:41,294 INFO o.a.j.l.DirectJDKLog [restartedMain] Starting service [Tomcat]
2022-10-30 21:57:41,295 INFO o.a.j.l.DirectJDKLog [restartedMain] Starting Servlet engine: [Apache Tomcat/9.0.64]
2022-10-30 21:57:41,549 INFO o.a.j.l.DirectJDKLog [restartedMain] Initializing Spring embedded WebApplicationContext
2022-10-30 21:57:41,550 INFO o.s.b.w.s.c.ServletWebServerApplicationContext [restartedMain] Root WebApplicationContext: initialization completed in 4460 ms
2022-10-30 21:57:41,634 INFO c.z.h.HikariDataSource [restartedMain] db - Starting...
2022-10-30 21:57:42,359 INFO c.z.h.HikariDataSource [restartedMain] db - Start completed.
2022-10-30 21:57:42,392 INFO o.s.b.a.h.H2ConsoleAutoConfiguration [restartedMain] H2 console available at '/h2-console'. Database available at 'jdbc:h2:file:./src/main/resources/db'
2022-10-30 21:57:42,732 INFO o.h.j.i.u.LogHelper [restartedMain] HHH000204: Processing PersistenceUnitInfo [name: default]
2022-10-30 21:57:42,879 INFO o.h.Version [restartedMain] HHH000412: Hibernate ORM core version 5.6.9.Final
2022-10-30 21:57:43,318 INFO o.h.a.c.r.j.JavaReflectionManager [restartedMain] HCANN000001: Hibernate Commons Annotations {5.1.2.Final}
2022-10-30 21:57:43,668 INFO o.h.d.Dialect [restartedMain] HHH000400: Using dialect: org.hibernate.dialect.H2Dialect
2022-10-30 21:57:45,773 INFO o.h.e.t.j.p.i.JtaPlatformInitiator [restartedMain] HHH000490: Using JtaPlatform implementation: [org.hibernate.engine.transaction.jta.platform.internal.NoJtaPlatform]
2022-10-30 21:57:45,797 INFO o.s.o.j.AbstractEntityManagerFactoryBean [restartedMain] Initialized JPA EntityManagerFactory for persistence unit 'default'
2022-10-30 21:57:51,602 INFO o.s.b.d.a.OptionalLiveReloadServer [restartedMain] LiveReload server is running on port 35729
2022-10-30 21:57:51,698 INFO o.a.j.l.DirectJDKLog [restartedMain] Starting ProtocolHandler ["http-nio-8080"]
2022-10-30 21:57:51,847 INFO o.s.b.w.e.t.TomcatWebServer [restartedMain] Tomcat started on port(s): 8080 (http) with context path ''
2022-10-30 21:57:51,940 INFO o.s.b.StartupInfoLogger [restartedMain] Started BackpackTouristApplication in 16.454 seconds (JVM running for 20.876)
2022-10-30 21:57:55,142 INFO o.a.j.l.DirectJDKLog [http-nio-8080-exec-2] Initializing Spring DispatcherServlet 'dispatcherServlet'
2022-10-30 21:57:55,143 INFO o.s.w.s.FrameworkServlet [http-nio-8080-exec-2] Initializing Servlet 'dispatcherServlet'
2022-10-30 21:57:55,145 INFO o.s.w.s.FrameworkServlet [http-nio-8080-exec-2] Completed initialization in 2 ms
2022-10-30 21:59:55,036 WARN c.z.h.p.HikariPool$HouseKeeper [db housekeeper] db - Thread starvation or clock leap detected (housekeeper delta=1m9s645ms93µs800ns).
2022-10-30 22:01:11,662 INFO r.p.b.f.FacadeImpl [http-nio-8080-exec-4] Получил запрос на создание пользователя UserRequest(login=serega-patyukov, password=12345678, name=Патюков Сергей Сергеевич, phoneNumber=+79009553902, notes=)
2022-10-30 22:01:34,729 WARN o.s.w.s.h.AbstractHandlerExceptionResolver [http-nio-8080-exec-8] Resolved [ru.patyukov.backpack_tourist.exception.BadRequestException: user redirect:/user]
2022-10-30 22:02:53,138 INFO o.s.o.j.AbstractEntityManagerFactoryBean [SpringApplicationShutdownHook] Closing JPA EntityManagerFactory for persistence unit 'default'
2022-10-30 22:02:53,138 INFO o.h.t.s.i.SchemaDropperImpl$DelayedDropActionImpl [SpringApplicationShutdownHook] HHH000477: Starting delayed evictData of schema as part of SessionFactory shut-down'
2022-10-30 22:02:53,592 INFO c.z.h.HikariDataSource [SpringApplicationShutdownHook] db - Shutdown initiated...
2022-10-30 22:02:53,632 INFO c.z.h.HikariDataSource [SpringApplicationShutdownHook] db - Shutdown completed.
